10:44:32,803 INFO  [org.openqa.selenium.server.SeleniumServer] Java: Oracle Corporation 25.131-b11
10:44:32,803 INFO  [org.openqa.selenium.server.SeleniumServer] OS: Mac OS X 10.12.5 x86_64
10:44:32,811 INFO  [org.openqa.selenium.server.SeleniumServer] v2.37.0, with Core v2.37.0. Built from revision a7c61cbd68657e133ae96672cf995890bad2ee42
10:44:32.876 INFO - Unable to register driver with className com.opera.core.systems.OperaDriver - not be able to create due com.opera.core.systems.OperaDriver
java.lang.ClassNotFoundException: com.opera.core.systems.OperaDriver
	at java.net.URLClassLoader.findClass(URLClassLoader.java:381)
	at java.lang.ClassLoader.loadClass(ClassLoader.java:424)
	at sun.misc.Launcher$AppClassLoader.loadClass(Launcher.java:335)
	at java.lang.ClassLoader.loadClass(ClassLoader.java:357)
	at java.lang.Class.forName0(Native Method)
	at java.lang.Class.forName(Class.java:264)
	at org.openqa.selenium.remote.server.DefaultDriverSessions.registerDriver(DefaultDriverSessions.java:94)
	at org.openqa.selenium.remote.server.DefaultDriverSessions.registerDefaults(DefaultDriverSessions.java:82)
	at org.openqa.selenium.remote.server.DefaultDriverSessions.<init>(DefaultDriverSessions.java:69)
	at org.openqa.selenium.remote.server.DefaultDriverSessions.<init>(DefaultDriverSessions.java:56)
	at org.openqa.selenium.server.SeleniumServer.assembleHandlers(SeleniumServer.java:362)
	at org.openqa.selenium.server.SeleniumServer.createJettyServer(SeleniumServer.java:322)
	at org.openqa.selenium.server.SeleniumServer.<init>(SeleniumServer.java:277)
	at org.openqa.selenium.server.SeleniumServer.main(SeleniumServer.java:244)
10:44:32.877 INFO - Default driver org.openqa.selenium.ie.InternetExplorerDriver registration is skipped: registration capabilities Capabilities [{ensureCleanSession=true, browserName=internet explorer, version=, platform=WINDOWS}] does not match with current platform: MAC
10:44:32.880 WARN - Unable to register driver with className org.openqa.selenium.firefox.FirefoxDriver - dependency missing due org/openqa/selenium/remote/RenderedRemoteWebElement
java.lang.NoClassDefFoundError: org/openqa/selenium/remote/RenderedRemoteWebElement
	at java.lang.ClassLoader.defineClass1(Native Method)
	at java.lang.ClassLoader.defineClass(ClassLoader.java:763)
	at java.security.SecureClassLoader.defineClass(SecureClassLoader.java:142)
	at java.net.URLClassLoader.defineClass(URLClassLoader.java:467)
	at java.net.URLClassLoader.access$100(URLClassLoader.java:73)
	at java.net.URLClassLoader$1.run(URLClassLoader.java:368)
	at java.net.URLClassLoader$1.run(URLClassLoader.java:362)
	at java.security.AccessController.doPrivileged(Native Method)
	at java.net.URLClassLoader.findClass(URLClassLoader.java:361)
	at java.lang.ClassLoader.loadClass(ClassLoader.java:424)
	at sun.misc.Launcher$AppClassLoader.loadClass(Launcher.java:335)
	at java.lang.ClassLoader.loadClass(ClassLoader.java:357)
	at java.lang.Class.forName0(Native Method)
	at java.lang.Class.forName(Class.java:264)
	at org.openqa.selenium.remote.server.DefaultDriverSessions.registerDriver(DefaultDriverSessions.java:94)
	at org.openqa.selenium.remote.server.DefaultDriverSessions.registerDefaults(DefaultDriverSessions.java:82)
	at org.openqa.selenium.remote.server.DefaultDriverSessions.<init>(DefaultDriverSessions.java:69)
	at org.openqa.selenium.remote.server.DefaultDriverSessions.<init>(DefaultDriverSessions.java:56)
	at org.openqa.selenium.server.SeleniumServer.assembleHandlers(SeleniumServer.java:362)
	at org.openqa.selenium.server.SeleniumServer.createJettyServer(SeleniumServer.java:322)
	at org.openqa.selenium.server.SeleniumServer.<init>(SeleniumServer.java:277)
	at org.openqa.selenium.server.SeleniumServer.main(SeleniumServer.java:244)
Caused by: java.lang.ClassNotFoundException: org.openqa.selenium.remote.RenderedRemoteWebElement
	at java.net.URLClassLoader.findClass(URLClassLoader.java:381)
	at java.lang.ClassLoader.loadClass(ClassLoader.java:424)
	at sun.misc.Launcher$AppClassLoader.loadClass(Launcher.java:335)
	at java.lang.ClassLoader.loadClass(ClassLoader.java:357)
	... 22 more
10:44:32.881 INFO - Unable to register driver with className org.openqa.selenium.phantomjs.PhantomJSDriver - not be able to create due org.openqa.selenium.phantomjs.PhantomJSDriver
java.lang.ClassNotFoundException: org.openqa.selenium.phantomjs.PhantomJSDriver
	at java.net.URLClassLoader.findClass(URLClassLoader.java:381)
	at java.lang.ClassLoader.loadClass(ClassLoader.java:424)
	at sun.misc.Launcher$AppClassLoader.loadClass(Launcher.java:335)
	at java.lang.ClassLoader.loadClass(ClassLoader.java:357)
	at java.lang.Class.forName0(Native Method)
	at java.lang.Class.forName(Class.java:264)
	at org.openqa.selenium.remote.server.DefaultDriverSessions.registerDriver(DefaultDriverSessions.java:94)
	at org.openqa.selenium.remote.server.DefaultDriverSessions.registerDefaults(DefaultDriverSessions.java:82)
	at org.openqa.selenium.remote.server.DefaultDriverSessions.<init>(DefaultDriverSessions.java:69)
	at org.openqa.selenium.remote.server.DefaultDriverSessions.<init>(DefaultDriverSessions.java:56)
	at org.openqa.selenium.server.SeleniumServer.assembleHandlers(SeleniumServer.java:362)
	at org.openqa.selenium.server.SeleniumServer.createJettyServer(SeleniumServer.java:322)
	at org.openqa.selenium.server.SeleniumServer.<init>(SeleniumServer.java:277)
	at org.openqa.selenium.server.SeleniumServer.main(SeleniumServer.java:244)
10:44:32.882 WARN - Unable to register driver with className org.openqa.selenium.htmlunit.HtmlUnitDriver - dependency missing due org/openqa/selenium/HasInputDevices
java.lang.NoClassDefFoundError: org/openqa/selenium/HasInputDevices
	at java.lang.ClassLoader.defineClass1(Native Method)
	at java.lang.ClassLoader.defineClass(ClassLoader.java:763)
	at java.security.SecureClassLoader.defineClass(SecureClassLoader.java:142)
	at java.net.URLClassLoader.defineClass(URLClassLoader.java:467)
	at java.net.URLClassLoader.access$100(URLClassLoader.java:73)
	at java.net.URLClassLoader$1.run(URLClassLoader.java:368)
	at java.net.URLClassLoader$1.run(URLClassLoader.java:362)
	at java.security.AccessController.doPrivileged(Native Method)
	at java.net.URLClassLoader.findClass(URLClassLoader.java:361)
	at java.lang.ClassLoader.loadClass(ClassLoader.java:424)
	at sun.misc.Launcher$AppClassLoader.loadClass(Launcher.java:335)
	at java.lang.ClassLoader.loadClass(ClassLoader.java:357)
	at java.lang.Class.forName0(Native Method)
	at java.lang.Class.forName(Class.java:264)
	at org.openqa.selenium.remote.server.DefaultDriverSessions.registerDriver(DefaultDriverSessions.java:94)
	at org.openqa.selenium.remote.server.DefaultDriverSessions.registerDefaults(DefaultDriverSessions.java:82)
	at org.openqa.selenium.remote.server.DefaultDriverSessions.<init>(DefaultDriverSessions.java:69)
	at org.openqa.selenium.remote.server.DefaultDriverSessions.<init>(DefaultDriverSessions.java:56)
	at org.openqa.selenium.server.SeleniumServer.assembleHandlers(SeleniumServer.java:362)
	at org.openqa.selenium.server.SeleniumServer.createJettyServer(SeleniumServer.java:322)
	at org.openqa.selenium.server.SeleniumServer.<init>(SeleniumServer.java:277)
	at org.openqa.selenium.server.SeleniumServer.main(SeleniumServer.java:244)
Caused by: java.lang.ClassNotFoundException: org.openqa.selenium.HasInputDevices
	at java.net.URLClassLoader.findClass(URLClassLoader.java:381)
	at java.lang.ClassLoader.loadClass(ClassLoader.java:424)
	at sun.misc.Launcher$AppClassLoader.loadClass(Launcher.java:335)
	at java.lang.ClassLoader.loadClass(ClassLoader.java:357)
	... 22 more
10:44:32,922 INFO  [org.openqa.selenium.server.SeleniumServer] RemoteWebDriver instances should connect to: http://127.0.0.1:4444/wd/hub
10:44:32,923 INFO  [org.openqa.jetty.http.HttpServer] Version Jetty/5.1.x
10:44:32,924 INFO  [org.openqa.jetty.util.Container] Started HttpContext[/selenium-server,/selenium-server]
10:44:32,943 INFO  [org.openqa.jetty.util.Container] Started org.openqa.jetty.jetty.servlet.ServletHandler@6a024a67
10:44:32,943 INFO  [org.openqa.jetty.util.Container] Started HttpContext[/wd,/wd]
10:44:32,943 INFO  [org.openqa.jetty.util.Container] Started HttpContext[/selenium-server/driver,/selenium-server/driver]
10:44:32,944 INFO  [org.openqa.jetty.util.Container] Started HttpContext[/,/]
10:44:32,947 INFO  [org.openqa.jetty.http.SocketListener] Started SocketListener on 0.0.0.0:4444
10:44:32,948 INFO  [org.openqa.jetty.util.Container] Started org.openqa.jetty.jetty.Server@77556fd
10:44:33.068 INFO - Checking Resource aliases
